[DEBUG] 10:08:53:633 NUCLEO/(3165:3165): PUERTO_PROG= 8080
[DEBUG] 10:08:53:635 NUCLEO/(3165:3165): PUERTO_CPU= 5001
[DEBUG] 10:08:53:635 NUCLEO/(3165:3165): Conexion con UMC
[DEBUG] 10:08:53:636 NUCLEO/(3165:3165): Crear socket para CONSOLAS
[DEBUG] 10:08:53:636 NUCLEO/(3165:3165): Escuchando Consolas en socket 4
[DEBUG] 10:13:11:640 NUCLEO/(3236:3236): PUERTO_PROG= 8080
[DEBUG] 10:13:11:667 NUCLEO/(3236:3236): PUERTO_CPU= 5001
[DEBUG] 10:13:11:668 NUCLEO/(3236:3236): Conexion con UMC
[DEBUG] 10:13:11:669 NUCLEO/(3236:3236): Crear socket para CONSOLAS
[DEBUG] 10:13:11:680 NUCLEO/(3236:3236): Escuchando Consolas en socket 4
[DEBUG] 10:14:06:887 NUCLEO/(3291:3291): PUERTO_PROG= 8080
[DEBUG] 10:14:06:888 NUCLEO/(3291:3291): PUERTO_CPU= 5001
[DEBUG] 10:14:24:4 NUCLEO/(3291:3291): Crear socket para CONSOLAS
[DEBUG] 10:14:59:853 NUCLEO/(3291:3291): Escuchando Consolas en socket 4
[DEBUG] 10:17:08:818 NUCLEO/(3356:3356): PUERTO_PROG= 8080
[DEBUG] 10:17:08:819 NUCLEO/(3356:3356): PUERTO_CPU= 5001
[DEBUG] 10:17:10:258 NUCLEO/(3356:3356): Crear socket para CONSOLAS
[DEBUG] 10:17:26:867 NUCLEO/(3356:3356): Escuchando Consolas en socket 4
[DEBUG] 10:21:12:478 NUCLEO/(3459:3459): PUERTO_PROG= 8080
[DEBUG] 10:21:12:493 NUCLEO/(3459:3459): PUERTO_CPU= 5001
[DEBUG] 10:21:12:494 NUCLEO/(3459:3459): Crear socket para CONSOLAS
[DEBUG] 10:21:12:495 NUCLEO/(3459:3459): Escuchando Consolas en socket 4
[DEBUG] 10:21:34:249 NUCLEO/(3500:3500): PUERTO_PROG= 8080
[DEBUG] 10:21:34:257 NUCLEO/(3500:3500): PUERTO_CPU= 5001
[DEBUG] 10:21:34:270 NUCLEO/(3500:3500): Crear socket para CONSOLAS
[DEBUG] 10:21:34:272 NUCLEO/(3500:3500): Escuchando Consolas en socket 4
[DEBUG] 10:25:21:989 NUCLEO/(3572:3572): PUERTO_PROG= 8080
[DEBUG] 10:25:21:994 NUCLEO/(3572:3572): PUERTO_CPU= 5001
[DEBUG] 10:25:39:624 NUCLEO/(3597:3597): PUERTO_PROG= 8080
[DEBUG] 10:25:39:642 NUCLEO/(3597:3597): PUERTO_CPU= 5001
[DEBUG] 10:33:54:67 NUCLEO/(3798:3798): PUERTO_PROG= 8080
[DEBUG] 10:33:54:90 NUCLEO/(3798:3798): PUERTO_CPU= 5001
[DEBUG] 10:34:44:576 NUCLEO/(3863:3863): PUERTO_PROG= 8080
[DEBUG] 10:34:44:593 NUCLEO/(3863:3863): PUERTO_CPU= 5001
[DEBUG] 10:34:44:595 NUCLEO/(3863:3863): Escuchando Cpus en socket 4
[DEBUG] 10:34:44:596 NUCLEO/(3863:3863): Crear socket para CONSOLAS
[DEBUG] 10:34:44:598 NUCLEO/(3863:3863): Escuchando Consolas en socket 5
[DEBUG] 10:34:53:758 NUCLEO/(3863:3868): Se ha conectado una Consola
[DEBUG] 10:34:53:761 NUCLEO/(3863:3868): Consola 7 atendida
[DEBUG] 10:34:53:778 NUCLEO/(3863:3889): Mensaje recibido de consola 7 : 	variables a, b
	a = 3
	b = 5
	a = b + 12
end



[DEBUG] 10:34:58:785 NUCLEO/(3863:3889): No hay CPU disponoble, reintentando...
[DEBUG] 10:35:03:788 NUCLEO/(3863:3889): No hay CPU disponoble, reintentando...
[DEBUG] 10:35:08:799 NUCLEO/(3863:3889): No hay CPU disponoble, reintentando...
[DEBUG] 10:35:13:807 NUCLEO/(3863:3889): No hay CPU disponoble, reintentando...
[DEBUG] 10:35:18:814 NUCLEO/(3863:3889): No hay CPU disponoble, reintentando...
[DEBUG] 10:35:23:825 NUCLEO/(3863:3889): No hay CPU disponoble, reintentando...
[DEBUG] 10:35:28:830 NUCLEO/(3863:3889): No hay CPU disponoble, reintentando...
[DEBUG] 10:35:33:840 NUCLEO/(3863:3889): No hay CPU disponoble, reintentando...
[DEBUG] 10:35:38:844 NUCLEO/(3863:3889): No hay CPU disponoble, reintentando...
[DEBUG] 10:35:43:853 NUCLEO/(3863:3889): No hay CPU disponoble, reintentando...
[DEBUG] 10:35:48:876 NUCLEO/(3863:3889): No hay CPU disponoble, reintentando...
[DEBUG] 10:35:53:891 NUCLEO/(3863:3889): No hay CPU disponoble, reintentando...
[DEBUG] 10:35:58:916 NUCLEO/(3863:3889): No hay CPU disponoble, reintentando...
[DEBUG] 10:36:03:948 NUCLEO/(3863:3889): No hay CPU disponoble, reintentando...
[DEBUG] 10:36:08:958 NUCLEO/(3863:3889): No hay CPU disponoble, reintentando...
[DEBUG] 10:36:13:977 NUCLEO/(3863:3889): No hay CPU disponoble, reintentando...
[DEBUG] 10:36:19:6 NUCLEO/(3863:3889): No hay CPU disponoble, reintentando...
[DEBUG] 10:36:24:19 NUCLEO/(3863:3889): No hay CPU disponoble, reintentando...
[DEBUG] 10:36:29:27 NUCLEO/(3863:3889): No hay CPU disponoble, reintentando...
[DEBUG] 10:36:34:35 NUCLEO/(3863:3889): No hay CPU disponoble, reintentando...
[DEBUG] 10:36:39:45 NUCLEO/(3863:3889): No hay CPU disponoble, reintentando...
[DEBUG] 10:36:44:54 NUCLEO/(3863:3889): No hay CPU disponoble, reintentando...
[DEBUG] 10:36:49:61 NUCLEO/(3863:3889): No hay CPU disponoble, reintentando...
[DEBUG] 10:36:54:70 NUCLEO/(3863:3889): No hay CPU disponoble, reintentando...
