13:48:43 **** Build of configuration Debug for project consola ****
make all 
Building file: ../src/consola.c
Invoking: GCC C Compiler
gcc -I"/home/utnso/Escritorio/TPOperativos/tp-2016-1c-Explosive-code/tpsolib" -O0 -g3 -Wall -c -fmessage-length=0 -MMD -MP -MF"src/consola.d" -MT"src/consola.d" -o "src/consola.o" "../src/consola.c"
../src/consola.c: In function ‘main’:
../src/consola.c:72:3: warning: passing argument 1 of ‘leerHeader’ makes pointer from integer without a cast [enabled by default]
   int* header = leerHeader(clienteConsola.socketCliente);
   ^
In file included from ../src/consola.c:21:0:
/home/utnso/Escritorio/TPOperativos/tp-2016-1c-Explosive-code/tpsolib/sockets/basicFunciones.h:44:6: note: expected ‘int (*)()’ but argument is of type ‘int’
 int* leerHeader(int socketARecibir());
      ^
../src/consola.c:99:2: warning: implicit declaration of function ‘close’ [-Wimplicit-function-declaration]
  close(clienteConsola.socketCliente);
  ^
../src/consola.c:35:8: warning: unused variable ‘buff’ [-Wunused-variable]
  char* buff;
        ^
Finished building: ../src/consola.c
 
Building target: consola
Invoking: GCC C Linker
gcc -L"/home/utnso/Escritorio/TPOperativos/tp-2016-1c-Explosive-code/tpsolib/Debug" -o "consola"  ./src/consola.o   -ltpsolib -lcommons
Finished building target: consola
 

13:48:43 Build Finished (took 221ms)

