13:48:43 **** Build of configuration Debug for project cpu ****
make all 
Building file: ../src/cpu.c
Invoking: GCC C Compiler
gcc -I"/home/utnso/Escritorio/TPOperativos/tp-2016-1c-Explosive-code/tpsolib" -O0 -g3 -Wall -c -fmessage-length=0 -MMD -MP -MF"src/cpu.d" -MT"src/cpu.d" -o "src/cpu.o" "../src/cpu.c"
../src/cpu.c:55:5: warning: initialization from incompatible pointer type [enabled by default]
     derf, .AnSISOP_asignar = asignar, .AnSISOP_imprimir = imprimir,
     ^
../src/cpu.c:55:5: warning: (near initialization for ‘functions.AnSISOP_imprimir’) [enabled by default]
../src/cpu.c:56:3: warning: initialization from incompatible pointer type [enabled by default]
   .AnSISOP_imprimirTexto = imptxt, .AnSISOP_irAlLabel = goint,
   ^
../src/cpu.c:56:3: warning: (near initialization for ‘functions.AnSISOP_imprimirTexto’) [enabled by default]
../src/cpu.c:56:3: warning: initialization from incompatible pointer type [enabled by default]
../src/cpu.c:56:3: warning: (near initialization for ‘functions.AnSISOP_irAlLabel’) [enabled by default]
../src/cpu.c:59:5: warning: initialization from incompatible pointer type [enabled by default]
     ionotif, .AnSISOP_retornar = retornar };
     ^
../src/cpu.c:59:5: warning: (near initialization for ‘functions.AnSISOP_entradaSalida’) [enabled by default]
../src/cpu.c:59:5: warning: initialization from incompatible pointer type [enabled by default]
../src/cpu.c:59:5: warning: (near initialization for ‘functions.AnSISOP_retornar’) [enabled by default]
../src/cpu.c: In function ‘main’:
../src/cpu.c:96:3: warning: implicit declaration of function ‘leerHeader’ [-Wimplicit-function-declaration]
   int* header = leerHeader(clienteCpuNucleo.socketCliente,"127.0.0.1");
   ^
../src/cpu.c:96:17: warning: initialization makes pointer from integer without a cast [enabled by default]
   int* header = leerHeader(clienteCpuNucleo.socketCliente,"127.0.0.1");
                 ^
../src/cpu.c: In function ‘conectarseConUMC’:
../src/cpu.c:118:2: warning: implicit declaration of function ‘recibirStream’ [-Wimplicit-function-declaration]
  int* recibido = recibirStream(clienteCpuUmc.socketCliente, sizeof(int));
  ^
../src/cpu.c:118:18: warning: initialization makes pointer from integer without a cast [enabled by default]
  int* recibido = recibirStream(clienteCpuUmc.socketCliente, sizeof(int));
                  ^
../src/cpu.c:132:11: warning: assignment makes pointer from integer without a cast [enabled by default]
  recibido = leerHeader(clienteCpuUmc.socketCliente);
           ^
../src/cpu.c:134:30: warning: initialization makes pointer from integer without a cast [enabled by default]
   int* recibirTamanioDePag = recibirStream(clienteCpuUmc.socketCliente,
                              ^
../src/cpu.c: In function ‘conectarseConNucleo’:
../src/cpu.c:156:18: warning: initialization makes pointer from integer without a cast [enabled by default]
  int* recibido = recibirStream(clienteCpuNucleo.socketCliente, sizeof(int));
                  ^
../src/cpu.c: In function ‘proximaInstruccion’:
../src/cpu.c:169:4: warning: passing argument 2 of ‘dictionary_get’ from incompatible pointer type [enabled by default]
    pcb_actual->indice_codigo, pcb_actual->PC);
    ^
In file included from /usr/include/parser/parser.h:26:0,
                 from ../src/funcionesparsernuevas.h:11,
                 from ../src/cpu.c:24:
/usr/include/commons/collections/dictionary.h:48:11: note: expected ‘char *’ but argument is of type ‘int *’
  void    *dictionary_get(t_dictionary *, char *key);
           ^
../src/cpu.c:174:2: warning: implicit declaration of function ‘enviarStream’ [-Wimplicit-function-declaration]
  enviarStream(clienteCpuUmc.socketCliente, &solicitar,
  ^
../src/cpu.c:177:29: warning: initialization makes pointer from integer without a cast [enabled by default]
  char* proximaInstruccion = recibirStream(clienteCpuUmc.socketCliente,
                             ^
../src/cpu.c: In function ‘recibirPCB’:
../src/cpu.c:209:20: warning: assignment makes pointer from integer without a cast [enabled by default]
  pcb_Recibido->PID = recibirStream(clienteCpuNucleo.socketCliente,
                    ^
../src/cpu.c:211:19: warning: assignment makes pointer from integer without a cast [enabled by default]
  pcb_Recibido->PC = recibirStream(clienteCpuNucleo.socketCliente,
                   ^
../src/cpu.c:213:19: warning: assignment makes pointer from integer without a cast [enabled by default]
  pcb_Recibido->SP = recibirStream(clienteCpuNucleo.socketCliente,
                   ^
../src/cpu.c:215:34: warning: assignment makes pointer from integer without a cast [enabled by default]
  pcb_Recibido->paginasDisponible = recibirStream(
                                  ^
../src/cpu.c:222:19: warning: initialization makes pointer from integer without a cast [enabled by default]
  int* tamanioIC = recibirStream(clienteCpuNucleo.socketCliente, sizeof(int));
                   ^
../src/cpu.c:223:22: warning: initialization makes pointer from integer without a cast [enabled by default]
  int* tamanioStack = recibirStream(clienteCpuNucleo.socketCliente,
                      ^
../src/cpu.c:225:19: warning: initialization makes pointer from integer without a cast [enabled by default]
  int* tamanioIF = recibirStream(clienteCpuNucleo.socketCliente, sizeof(int));
                   ^
../src/cpu.c:233:45: warning: initialization makes pointer from integer without a cast [enabled by default]
   direccionMemoria* nuevaDireccionMemoria = recibirStream(
                                             ^
../src/cpu.c:236:5: warning: passing argument 2 of ‘dictionary_put’ from incompatible pointer type [enabled by default]
     nuevaDireccionMemoria);
     ^
In file included from /usr/include/parser/parser.h:26:0,
                 from ../src/funcionesparsernuevas.h:11,
                 from ../src/cpu.c:24:
/usr/include/commons/collections/dictionary.h:42:11: note: expected ‘char *’ but argument is of type ‘int *’
  void     dictionary_put(t_dictionary *, char *key, void *data);
           ^
../src/cpu.c:242:26: warning: initialization makes pointer from integer without a cast [enabled by default]
   funcionTemp* funcion = recibirStream(clienteCpuNucleo.socketCliente,
                          ^
../src/cpu.c:244:25: warning: initialization makes pointer from integer without a cast [enabled by default]
   char* funcionNombre = recibirStream(clienteCpuNucleo.socketCliente,
                         ^
../src/cpu.c:248:32: warning: assignment makes pointer from integer without a cast [enabled by default]
   new_funcion->posicion_codigo = funcion->posicionPID;
                                ^
../src/cpu.c:258:18: warning: initialization makes pointer from integer without a cast [enabled by default]
   int* tamArgs = recibirStream(clienteCpuNucleo.socketCliente,
                  ^
../src/cpu.c:260:18: warning: initialization makes pointer from integer without a cast [enabled by default]
   int* tamVars = recibirStream(clienteCpuNucleo.socketCliente,
                  ^
../src/cpu.c:262:21: warning: initialization makes pointer from integer without a cast [enabled by default]
   int* RetornoPID = recibirStream(clienteCpuNucleo.socketCliente,
                     ^
../src/cpu.c:264:38: warning: initialization makes pointer from integer without a cast [enabled by default]
   direccionMemoria* memoriaRetorno = recibirStream(
                                      ^
../src/cpu.c:268:34: warning: initialization makes pointer from integer without a cast [enabled by default]
    direccionMemoria* new_direc = recibirStream(
                                  ^
../src/cpu.c:274:32: warning: initialization makes pointer from integer without a cast [enabled by default]
    direccionStack* new_direc = recibirStream(
                                ^
../src/cpu.c:280:3: warning: passing argument 2 of ‘dictionary_put’ from incompatible pointer type [enabled by default]
   dictionary_put(pcb_Recibido->indice_stack, key, stackNuevo);
   ^
In file included from /usr/include/parser/parser.h:26:0,
                 from ../src/funcionesparsernuevas.h:11,
                 from ../src/cpu.c:24:
/usr/include/commons/collections/dictionary.h:42:11: note: expected ‘char *’ but argument is of type ‘int *’
  void     dictionary_put(t_dictionary *, char *key, void *data);
           ^
../src/cpu.c:264:21: warning: unused variable ‘memoriaRetorno’ [-Wunused-variable]
   direccionMemoria* memoriaRetorno = recibirStream(
                     ^
../src/cpu.c:262:8: warning: unused variable ‘RetornoPID’ [-Wunused-variable]
   int* RetornoPID = recibirStream(clienteCpuNucleo.socketCliente,
        ^
../src/cpu.c: In function ‘enviarPCB’:
../src/cpu.c:323:5: warning: passing argument 2 of ‘dictionary_get’ from incompatible pointer type [enabled by default]
     &i);
     ^
In file included from /usr/include/parser/parser.h:26:0,
                 from ../src/funcionesparsernuevas.h:11,
                 from ../src/cpu.c:24:
/usr/include/commons/collections/dictionary.h:48:11: note: expected ‘char *’ but argument is of type ‘int *’
  void    *dictionary_get(t_dictionary *, char *key);
           ^
../src/cpu.c:350:3: warning: passing argument 2 of ‘dictionary_get’ from incompatible pointer type [enabled by default]
   stack* stackAMandar = dictionary_get(pcb_actual->indice_stack, &i);
   ^
In file included from /usr/include/parser/parser.h:26:0,
                 from ../src/funcionesparsernuevas.h:11,
                 from ../src/cpu.c:24:
/usr/include/commons/collections/dictionary.h:48:11: note: expected ‘char *’ but argument is of type ‘int *’
  void    *dictionary_get(t_dictionary *, char *key);
           ^
../src/cpu.c:348:6: warning: unused variable ‘tamanioStack’ [-Wunused-variable]
  int tamanioStack = aMandaNucleo.tamanioStack;
      ^
Finished building: ../src/cpu.c
 
Building file: ../src/funcionesparsernuevas.c
Invoking: GCC C Compiler
gcc -I"/home/utnso/Escritorio/TPOperativos/tp-2016-1c-Explosive-code/tpsolib" -O0 -g3 -Wall -c -fmessage-length=0 -MMD -MP -MF"src/funcionesparsernuevas.d" -MT"src/funcionesparsernuevas.d" -o "src/funcionesparsernuevas.o" "../src/funcionesparsernuevas.c"
In file included from ../src/funcionesparsernuevas.c:3:0:
/home/utnso/Escritorio/TPOperativos/tp-2016-1c-Explosive-code/tpsolib/sockets/basicFunciones.h:19:37: warning: ‘struct sockaddr_in’ declared inside parameter list [enabled by default]
 void abrirPuerto(int socket, struct sockaddr_in* adress);
                                     ^
/home/utnso/Escritorio/TPOperativos/tp-2016-1c-Explosive-code/tpsolib/sockets/basicFunciones.h:19:37: warning: its scope is only this definition or declaration, which is probably not what you want [enabled by default]
/home/utnso/Escritorio/TPOperativos/tp-2016-1c-Explosive-code/tpsolib/sockets/basicFunciones.h:21:68: warning: ‘struct sockaddr_in’ declared inside parameter list [enabled by default]
 void aceptarConexion(int* socketnuevo, int socketescuchador,struct sockaddr_in* other_adress);
                                                                    ^
../src/funcionesparsernuevas.c: In function ‘vardef’:
../src/funcionesparsernuevas.c:79:2: warning: return makes integer from pointer without a cast [enabled by default]
  return NULL;
  ^
../src/funcionesparsernuevas.c:72:20: warning: unused variable ‘temp’ [-Wunused-variable]
  direccionMemoria* temp = malloc(sizeof(direccionMemoria));
                    ^
../src/funcionesparsernuevas.c: In function ‘getvarpos’:
../src/funcionesparsernuevas.c:88:2: warning: return makes integer from pointer without a cast [enabled by default]
  return solicitarUMC;
  ^
../src/funcionesparsernuevas.c: In function ‘derf’:
../src/funcionesparsernuevas.c:94:2: warning: passing argument 4 of ‘enviarStream’ makes pointer from integer without a cast [enabled by default]
  enviarStream(socketMemoria, 52, sizeof(direccionMemoria), puntero_var);
  ^
In file included from ../src/funcionesparsernuevas.c:3:0:
/home/utnso/Escritorio/TPOperativos/tp-2016-1c-Explosive-code/tpsolib/sockets/basicFunciones.h:36:6: note: expected ‘void *’ but argument is of type ‘t_puntero’
 void enviarStream(int socketDestino,int header, int tamanioMensaje, void* mensaje);
      ^
../src/funcionesparsernuevas.c:96:2: warning: passing argument 1 of ‘leerHeader’ makes pointer from integer without a cast [enabled by default]
  if (*leerHeader(socketMemoria) == 200) {
  ^
In file included from ../src/funcionesparsernuevas.c:3:0:
/home/utnso/Escritorio/TPOperativos/tp-2016-1c-Explosive-code/tpsolib/sockets/basicFunciones.h:44:6: note: expected ‘int (*)()’ but argument is of type ‘int’
 int* leerHeader(int socketARecibir());
      ^
../src/funcionesparsernuevas.c: In function ‘asignar’:
../src/funcionesparsernuevas.c:105:34: warning: initialization makes pointer from integer without a cast [enabled by default]
  direccionMemoria* direcMemory = puntero_var;
                                  ^
../src/funcionesparsernuevas.c:112:2: warning: passing argument 1 of ‘free’ makes pointer from integer without a cast [enabled by default]
  free(puntero_var);
  ^
In file included from ../src/funcionesparsernuevas.c:5:0:
/usr/include/stdlib.h:483:13: note: expected ‘void *’ but argument is of type ‘t_puntero’
 extern void free (void *__ptr) __THROW;
             ^
../src/funcionesparsernuevas.c: In function ‘calculoDeDedireccionAlmalcenar’:
../src/funcionesparsernuevas.c:194:4: warning: passing argument 2 of ‘dictionary_get’ makes pointer from integer without a cast [enabled by default]
    *(pcb_actual->SP));
    ^
In file included from ../src/estructurasCPU.h:10:0,
                 from ../src/funcionesparsernuevas.c:7:
/usr/include/commons/collections/dictionary.h:48:11: note: expected ‘char *’ but argument is of type ‘int’
  void    *dictionary_get(t_dictionary *, char *key);
           ^
../src/funcionesparsernuevas.c:193:9: warning: unused variable ‘stackActual’ [-Wunused-variable]
  stack* stackActual = dictionary_get(pcb_actual->indice_stack,
         ^
../src/funcionesparsernuevas.c: In function ‘agregarVariableStack’:
../src/funcionesparsernuevas.c:212:4: warning: passing argument 2 of ‘dictionary_get’ makes pointer from integer without a cast [enabled by default]
    *(pcb_actual->SP));
    ^
In file included from ../src/estructurasCPU.h:10:0,
                 from ../src/funcionesparsernuevas.c:7:
/usr/include/commons/collections/dictionary.h:48:11: note: expected ‘char *’ but argument is of type ‘int’
  void    *dictionary_get(t_dictionary *, char *key);
           ^
../src/funcionesparsernuevas.c:217:2: warning: statement with no effect [-Wunused-value]
  aGuardar->id;
  ^
../src/funcionesparsernuevas.c: In function ‘obtenerPosicionStack’:
../src/funcionesparsernuevas.c:230:4: warning: passing argument 2 of ‘dictionary_get’ makes pointer from integer without a cast [enabled by default]
    *(pcb_actual->SP));
    ^
In file included from ../src/estructurasCPU.h:10:0,
                 from ../src/funcionesparsernuevas.c:7:
/usr/include/commons/collections/dictionary.h:48:11: note: expected ‘char *’ but argument is of type ‘int’
  void    *dictionary_get(t_dictionary *, char *key);
           ^
Finished building: ../src/funcionesparsernuevas.c
 
Building target: cpu
Invoking: GCC C Linker
gcc -L"/home/utnso/Escritorio/TPOperativos/tp-2016-1c-Explosive-code/tpsolib/Debug" -o "cpu"  ./src/cpu.o ./src/funcionesparsernuevas.o   -ltpsolib -lcommons -lparser-ansisop
Finished building target: cpu
 

13:48:43 Build Finished (took 529ms)

